\BOOKMARK [0][-]{contents.0}{\376\377\000\315\000n\000d\000i\000c\000e\000\040\000g\000e\000n\000e\000r\000a\000l}{}% 1
\BOOKMARK [0][-]{chapter*.2}{\376\377\000\315\000n\000d\000i\000c\000e\000\040\000d\000e\000\040\000f\000i\000g\000u\000r\000a\000s}{}% 2
\BOOKMARK [0][-]{chapter*.3}{\376\377\000\315\000n\000d\000i\000c\000e\000\040\000d\000e\000\040\000t\000a\000b\000l\000a\000s}{}% 3
\BOOKMARK [0][-]{chapter*.4}{\376\377\000\315\000n\000d\000i\000c\000e\000\040\000d\000e\000\040\000a\000l\000g\000o\000r\000i\000t\000m\000o\000s}{}% 4
\BOOKMARK [0][-]{chapter.1}{\376\377\000I\000n\000t\000r\000o\000d\000u\000c\000c\000i\000\363\000n}{}% 5
\BOOKMARK [1][-]{subsection.1.0.1}{\376\377\000O\000b\000j\000e\000t\000i\000v\000o\000s}{chapter.1}% 6
\BOOKMARK [0][-]{chapter.2}{\376\377\000L\000a\000r\000g\000e\000\040\000L\000a\000n\000g\000u\000a\000g\000e\000\040\000M\000o\000d\000e\000l\000s\000\040\000\050\000L\000L\000M\000s\000\051}{}% 7
\BOOKMARK [1][-]{section.2.1}{\376\377\000I\000n\000t\000r\000o\000d\000u\000c\000c\000i\000\363\000n}{chapter.2}% 8
\BOOKMARK [1][-]{section.2.2}{\376\377\000G\000e\000n\000e\000r\000a\000c\000i\000\363\000n\000\040\000d\000e\000\040\000T\000e\000x\000t\000o}{chapter.2}% 9
\BOOKMARK [1][-]{section.2.3}{\376\377\000H\000i\000s\000t\000o\000r\000i\000a\000\040\000y\000\040\000E\000v\000o\000l\000u\000c\000i\000\363\000n\000\040\000d\000e\000\040\000l\000o\000s\000\040\000L\000L\000M\000s}{chapter.2}% 10
\BOOKMARK [2][-]{subsection.2.3.1}{\376\377\000M\000o\000d\000e\000l\000o\000s\000\040\000d\000e\000\040\000L\000e\000n\000g\000u\000a\000j\000e\000\040\000E\000s\000t\000a\000d\000\355\000s\000t\000i\000c\000o\000s}{section.2.3}% 11
\BOOKMARK [2][-]{subsection.2.3.2}{\376\377\000M\000o\000d\000e\000l\000o\000s\000\040\000d\000e\000\040\000L\000e\000n\000g\000u\000a\000j\000e\000\040\000N\000e\000u\000r\000a\000l\000e\000s}{section.2.3}% 12
\BOOKMARK [2][-]{subsection.2.3.3}{\376\377\000T\000r\000a\000n\000s\000f\000o\000r\000m\000e\000r\000s\000\040\000y\000\040\000s\000u\000\040\000I\000m\000p\000a\000c\000t\000o}{section.2.3}% 13
\BOOKMARK [2][-]{subsection.2.3.4}{\376\377\000T\000r\000a\000n\000s\000i\000c\000i\000\363\000n\000\040\000d\000e\000\040\000P\000L\000M\000s\000\040\000a\000\040\000L\000L\000M\000s}{section.2.3}% 14
\BOOKMARK [1][-]{section.2.4}{\376\377\000A\000r\000q\000u\000i\000t\000e\000c\000t\000u\000r\000a\000s\000\040\000y\000\040\000M\000o\000d\000e\000l\000o\000s\000\040\000I\000m\000p\000o\000r\000t\000a\000n\000t\000e\000s}{chapter.2}% 15
\BOOKMARK [2][-]{subsection.2.4.1}{\376\377\000T\0005\000\040\000\050\000T\000e\000x\000t\000-\000t\000o\000-\000T\000e\000x\000t\000\040\000T\000r\000a\000n\000s\000f\000e\000r\000\040\000T\000r\000a\000n\000s\000f\000o\000r\000m\000e\000r\000\051}{section.2.4}% 16
\BOOKMARK [2][-]{subsection.2.4.2}{\376\377\000B\000E\000R\000T\000\040\000\050\000B\000i\000d\000i\000r\000e\000c\000t\000i\000o\000n\000a\000l\000\040\000E\000n\000c\000o\000d\000e\000r\000\040\000R\000e\000p\000r\000e\000s\000e\000n\000t\000a\000t\000i\000o\000n\000s\000\040\000f\000r\000o\000m\000\040\000T\000r\000a\000n\000s\000f\000o\000r\000m\000e\000r\000s\000\051}{section.2.4}% 17
\BOOKMARK [2][-]{subsection.2.4.3}{\376\377\000m\000T\0005\000\040\000\050\000M\000u\000l\000t\000i\000l\000i\000n\000g\000u\000a\000l\000\040\000T\0005\000\051}{section.2.4}% 18
\BOOKMARK [2][-]{subsection.2.4.4}{\376\377\000G\000P\000T\000-\0003\000\040\000\050\000G\000e\000n\000e\000r\000a\000t\000i\000v\000e\000\040\000P\000r\000e\000-\000t\000r\000a\000i\000n\000e\000d\000\040\000T\000r\000a\000n\000s\000f\000o\000r\000m\000e\000r\000\040\0003\000\051}{section.2.4}% 19
\BOOKMARK [1][-]{section.2.5}{\376\377\000A\000p\000l\000i\000c\000a\000c\000i\000o\000n\000e\000s\000\040\000d\000e\000\040\000l\000o\000s\000\040\000L\000L\000M\000s}{chapter.2}% 20
\BOOKMARK [2][-]{subsection.2.5.1}{\376\377\000G\000e\000n\000e\000r\000a\000c\000i\000\363\000n\000\040\000d\000e\000\040\000T\000e\000x\000t\000o}{section.2.5}% 21
\BOOKMARK [2][-]{subsection.2.5.2}{\376\377\000R\000e\000s\000u\000m\000e\000n\000\040\000A\000u\000t\000o\000m\000\341\000t\000i\000c\000o}{section.2.5}% 22
\BOOKMARK [2][-]{subsection.2.5.3}{\376\377\000T\000r\000a\000d\000u\000c\000c\000i\000\363\000n\000\040\000A\000u\000t\000o\000m\000\341\000t\000i\000c\000a}{section.2.5}% 23
\BOOKMARK [2][-]{subsection.2.5.4}{\376\377\000I\000n\000t\000e\000r\000a\000c\000c\000i\000\363\000n\000\040\000C\000o\000n\000v\000e\000r\000s\000a\000c\000i\000o\000n\000a\000l}{section.2.5}% 24
\BOOKMARK [2][-]{subsection.2.5.5}{\376\377\000R\000e\000s\000p\000u\000e\000s\000t\000a\000\040\000a\000\040\000P\000r\000e\000g\000u\000n\000t\000a\000s}{section.2.5}% 25
\BOOKMARK [1][-]{section.2.6}{\376\377\000D\000e\000s\000a\000f\000\355\000o\000s\000\040\000y\000\040\000F\000u\000t\000u\000r\000a\000s\000\040\000D\000i\000r\000e\000c\000c\000i\000o\000n\000e\000s}{chapter.2}% 26
\BOOKMARK [2][-]{subsection.2.6.1}{\376\377\000C\000o\000s\000t\000o\000s\000\040\000C\000o\000m\000p\000u\000t\000a\000c\000i\000o\000n\000a\000l\000e\000s\000\040\000y\000\040\000E\000n\000e\000r\000g\000\351\000t\000i\000c\000o\000s}{section.2.6}% 27
\BOOKMARK [2][-]{subsection.2.6.2}{\376\377\000G\000e\000n\000e\000r\000a\000l\000i\000z\000a\000c\000i\000\363\000n\000\040\000y\000\040\000A\000d\000a\000p\000t\000a\000c\000i\000\363\000n\000\040\000d\000e\000\040\000D\000o\000m\000i\000n\000i\000o\000s}{section.2.6}% 28
\BOOKMARK [2][-]{subsection.2.6.3}{\376\377\000S\000e\000g\000u\000r\000i\000d\000a\000d\000\040\000y\000\040\000\311\000t\000i\000c\000a}{section.2.6}% 29
\BOOKMARK [2][-]{subsection.2.6.4}{\376\377\000P\000r\000i\000v\000a\000c\000i\000d\000a\000d\000\040\000y\000\040\000D\000a\000t\000o\000s\000\040\000S\000e\000n\000s\000i\000b\000l\000e\000s}{section.2.6}% 30
\BOOKMARK [0][-]{chapter.3}{\376\377\000E\000s\000t\000r\000a\000t\000e\000g\000i\000a\000s\000\040\000d\000e\000\040\000c\000h\000u\000n\000k\000e\000r\000i\000z\000a\000c\000i\000\363\000n\000\040\000p\000a\000r\000a\000\040\000L\000L\000M\000s}{}% 31
\BOOKMARK [1][-]{section.3.1}{\376\377\000I\000n\000t\000r\000o\000d\000u\000c\000c\000i\000\363\000n}{chapter.3}% 32
\BOOKMARK [1][-]{section.3.2}{\376\377\000C\000o\000n\000s\000i\000d\000e\000r\000a\000c\000i\000o\000n\000e\000s\000\040\000s\000o\000b\000r\000e\000\040\000l\000a\000\040\000C\000h\000u\000n\000k\000e\000r\000i\000z\000a\000c\000i\000\363\000n}{chapter.3}% 33
\BOOKMARK [2][-]{subsection.3.2.1}{\376\377\000N\000a\000t\000u\000r\000a\000l\000e\000z\000a\000\040\000d\000e\000l\000\040\000C\000o\000n\000t\000e\000n\000i\000d\000o}{section.3.2}% 34
\BOOKMARK [2][-]{subsection.3.2.2}{\376\377\000M\000o\000d\000e\000l\000o\000\040\000y\000\040\000T\000a\000m\000a\000\361\000o\000\040\000\323\000p\000t\000i\000m\000o\000\040\000d\000e\000l\000\040\000C\000h\000u\000n\000k}{section.3.2}% 35
\BOOKMARK [2][-]{subsection.3.2.3}{\376\377\000C\000o\000m\000p\000l\000e\000j\000i\000d\000a\000d\000\040\000y\000\040\000L\000o\000n\000g\000i\000t\000u\000d\000\040\000d\000e\000\040\000l\000a\000s\000\040\000C\000o\000n\000s\000u\000l\000t\000a\000s\000\040\000d\000e\000\040\000U\000s\000u\000a\000r\000i\000o}{section.3.2}% 36
\BOOKMARK [2][-]{subsection.3.2.4}{\376\377\000U\000s\000o\000\040\000d\000e\000\040\000l\000o\000s\000\040\000R\000e\000s\000u\000l\000t\000a\000d\000o\000s\000\040\000R\000e\000c\000u\000p\000e\000r\000a\000d\000o\000s}{section.3.2}% 37
\BOOKMARK [2][-]{subsection.3.2.5}{\376\377\000L\000i\000m\000i\000t\000a\000c\000i\000o\000n\000e\000s\000\040\000T\000\351\000c\000n\000i\000c\000a\000s}{section.3.2}% 38
\BOOKMARK [1][-]{section.3.3}{\376\377\000E\000s\000t\000r\000a\000t\000e\000g\000i\000a\000s\000\040\000d\000e\000\040\000C\000h\000u\000n\000k\000e\000r\000i\000z\000a\000c\000i\000\363\000n}{chapter.3}% 39
\BOOKMARK [2][-]{subsection.3.3.1}{\376\377\000C\000h\000u\000n\000k\000e\000r\000i\000z\000a\000c\000i\000\363\000n\000\040\000d\000e\000\040\000T\000a\000m\000a\000\361\000o\000\040\000F\000i\000j\000o}{section.3.3}% 40
\BOOKMARK [2][-]{subsection.3.3.2}{\376\377\000C\000h\000u\000n\000k\000e\000r\000i\000z\000a\000c\000i\000\363\000n\000\040\000C\000o\000n\000s\000c\000i\000e\000n\000t\000e\000\040\000d\000e\000l\000\040\000C\000o\000n\000t\000e\000n\000i\000d\000o}{section.3.3}% 41
\BOOKMARK [2][-]{subsection.3.3.3}{\376\377\000C\000h\000u\000n\000k\000e\000r\000i\000z\000a\000c\000i\000\363\000n\000\040\000R\000e\000c\000u\000r\000s\000i\000v\000a}{section.3.3}% 42
\BOOKMARK [2][-]{subsection.3.3.4}{\376\377\000C\000h\000u\000n\000k\000e\000r\000i\000z\000a\000c\000i\000\363\000n\000\040\000E\000s\000p\000e\000c\000i\000a\000l\000i\000z\000a\000d\000a}{section.3.3}% 43
\BOOKMARK [2][-]{subsection.3.3.5}{\376\377\000C\000h\000u\000n\000k\000e\000r\000i\000z\000a\000c\000i\000\363\000n\000\040\000S\000e\000m\000\341\000n\000t\000i\000c\000a}{section.3.3}% 44
\BOOKMARK [1][-]{section.3.4}{\376\377\000C\000o\000n\000c\000l\000u\000s\000i\000o\000n\000e\000s}{chapter.3}% 45
\BOOKMARK [0][-]{chapter.4}{\376\377\000R\000e\000t\000r\000i\000e\000v\000e\000r\000s}{}% 46
\BOOKMARK [1][-]{section.4.1}{\376\377\000I\000n\000t\000r\000o\000d\000u\000c\000c\000i\000\363\000n}{chapter.4}% 47
\BOOKMARK [1][-]{section.4.2}{\376\377\000F\000u\000n\000d\000a\000m\000e\000n\000t\000o\000s\000\040\000d\000e\000\040\000l\000o\000s\000\040\000R\000e\000t\000r\000i\000e\000v\000e\000r\000s}{chapter.4}% 48
\BOOKMARK [2][-]{subsection.4.2.1}{\376\377\000D\000e\000f\000i\000n\000i\000c\000i\000\363\000n\000\040\000y\000\040\000F\000u\000n\000c\000i\000\363\000n}{section.4.2}% 49
\BOOKMARK [2][-]{subsection.4.2.2}{\376\377\000R\000o\000l\000\040\000e\000n\000\040\000R\000A\000G}{section.4.2}% 50
\BOOKMARK [1][-]{section.4.3}{\376\377\000T\000i\000p\000o\000s\000\040\000d\000e\000\040\000R\000e\000t\000r\000i\000e\000v\000e\000r\000s\000\040\000T\000r\000a\000d\000i\000c\000i\000o\000n\000a\000l\000e\000s}{chapter.4}% 51
\BOOKMARK [2][-]{subsection.4.3.1}{\376\377\000R\000e\000t\000r\000i\000e\000v\000e\000r\000s\000\040\000S\000p\000a\000r\000s\000e}{section.4.3}% 52
\BOOKMARK [2][-]{subsection.4.3.2}{\376\377\000R\000e\000t\000r\000i\000e\000v\000e\000r\000s\000\040\000D\000e\000n\000s\000e}{section.4.3}% 53
\BOOKMARK [2][-]{subsection.4.3.3}{\376\377\000R\000e\000t\000r\000i\000e\000v\000e\000r\000s\000\040\000H\000y\000b\000r\000i\000d}{section.4.3}% 54
\BOOKMARK [1][-]{section.4.4}{\376\377\000R\000e\000t\000r\000i\000e\000v\000e\000r\000s\000\040\000A\000v\000a\000n\000z\000a\000d\000o\000s}{chapter.4}% 55
\BOOKMARK [2][-]{subsection.4.4.1}{\376\377\000D\000o\000c\000u\000m\000e\000n\000t\000o\000\040\000M\000a\000t\000r\000i\000z\000\040\000\050\000P\000a\000r\000e\000n\000t\000\040\000D\000o\000c\000u\000m\000e\000n\000t\000\051}{section.4.4}% 56
\BOOKMARK [2][-]{subsection.4.4.2}{\376\377\000C\000o\000n\000s\000u\000l\000t\000a\000\040\000A\000u\000t\000\363\000n\000o\000m\000a\000\040\000\050\000S\000e\000l\000f\000\040\000Q\000u\000e\000r\000y\000\051}{section.4.4}% 57
\BOOKMARK [2][-]{subsection.4.4.3}{\376\377\000T\000i\000m\000e\000-\000W\000e\000i\000g\000h\000t\000e\000d\000\040\000V\000e\000c\000t\000o\000r\000s\000t\000o\000r\000e}{section.4.4}% 58
\BOOKMARK [2][-]{subsection.4.4.4}{\376\377\000M\000u\000l\000t\000i\000-\000Q\000u\000e\000r\000y\000\040\000R\000e\000t\000r\000i\000e\000v\000e\000r}{section.4.4}% 59
\BOOKMARK [2][-]{subsection.4.4.5}{\376\377\000L\000o\000n\000g\000-\000C\000o\000n\000t\000e\000x\000t\000\040\000R\000e\000o\000r\000d\000e\000r}{section.4.4}% 60
\BOOKMARK [1][-]{section.4.5}{\376\377\000C\000o\000n\000c\000l\000u\000s\000i\000\363\000n}{chapter.4}% 61
\BOOKMARK [0][-]{section*.6}{\376\377\000L\000i\000s\000t\000a\000\040\000d\000e\000\040\000A\000c\000r\000\363\000n\000i\000m\000o\000s}{}% 62
\BOOKMARK [0][-]{appendix.Alph1}{\376\377\000A\000p\000\351\000n\000d\000i\000z\000e\000\040\000A}{}% 63
\BOOKMARK [0][-]{appendix.Alph2}{\376\377\000A\000p\000\351\000n\000d\000i\000z\000e\000\040\000B}{}% 64
\BOOKMARK [0][-]{appendix*.8}{\376\377\000B\000i\000b\000l\000i\000o\000g\000r\000a\000f\000\355\000a}{}% 65
